[debug] > Exec(early(addDefaultCommands), None, None)
[debug] > Exec(addDefaultCommands, None, None)
[debug] > Exec(early(initialize), None, None)
[debug] > Exec(initialize, None, None)
[debug] > Exec(boot, None, None)
[debug] > Exec(writeSbtVersion, None, None)
[debug] > Exec(reload, None, None)
[debug] > Exec(sbtStashOnFailure, None, None)
[debug] > Exec(onFailure loadFailed, None, None)
[debug] > Exec(loadp, None, None)
[info] welcome to sbt 1.5.5 (Oracle Corporation Java 16.0.2)
[debug]       Load.loadUnit: plugins took 282.701ms
[debug]       Load.loadUnit: defsScala took 1.0081ms
[debug] [Loading] Scanning directory C:\Users\Daniil\.sbt\1.0\plugins
[debug] [Loading] Found non-root projects 
[debug] [Loading] Done in C:\Users\Daniil\.sbt\1.0\plugins, returning: ()
[debug] deducing auto plugins based on known facts Set(Atom(sbt.plugins.CorePlugin)) and clauses Clauses(Clause(Atom(sbt.plugins.JvmPlugin),Set(Atom(sbt.plugins.IvyPlugin)))
[debug] Clause(Atom(sbt.ScriptedPlugin),Set(Atom(sbt.plugins.JvmPlugin)))
[debug] Clause(Atom(sbt.plugins.SbtPlugin),Set(Atom(sbt.ScriptedPlugin)))
[debug] Clause(Atom(sbt.plugins.SemanticdbPlugin),Set(Atom(sbt.plugins.JvmPlugin)))
[debug] Clause(Atom(sbt.plugins.JUnitXmlReportPlugin),Set(Atom(sbt.plugins.JvmPlugin)))
[debug] Clause(Atom(sbt.plugins.MiniDependencyTreePlugin),Set(Atom(sbt.plugins.JvmPlugin)))
[debug] Clause(Atom(sbt.plugins.CorePlugin),Set(Atom(sbt.plugins.IvyPlugin)))
[debug] Clause(Atom(sbt.plugins.IvyPlugin),Set(Atom(sbt.plugins.JvmPlugin)))
[debug] Clause(Atom(sbt.plugins.JvmPlugin),Set(Atom(sbt.plugins.SemanticdbPlugin)))
[debug] Clause(Atom(sbt.plugins.JvmPlugin),Set(Atom(sbt.plugins.JUnitXmlReportPlugin)))
[debug] Clause(Atom(sbt.plugins.CorePlugin),Set(Atom(sbt.plugins.Giter8TemplatePlugin)))
[debug] Clause(Atom(sbt.plugins.JvmPlugin),Set(Atom(sbt.plugins.MiniDependencyTreePlugin))))
[debug]   :: deduced result: Matched(sbt.plugins.CorePlugin,sbt.plugins.Giter8TemplatePlugin,sbt.plugins.IvyPlugin,sbt.plugins.JvmPlugin,sbt.plugins.MiniDependencyTreePlugin,sbt.plugins.JUnitXmlReportPlugin,sbt.plugins.SemanticdbPlugin)
[debug] Plugins.deducer#function took 41.1977 ms
[debug]           Load.resolveProject(global-plugins) took 83.4691ms
[debug]         Load.loadTransitive: finalizeProject(Project(id global-plugins, base: C:\Users\Daniil\.sbt\1.0\plugins, plugins: List(<none>))) took 166.9197ms
[debug] [Loading] Done in C:\Users\Daniil\.sbt\1.0\plugins, returning: (global-plugins)
[debug]       Load.loadUnit: loadedProjectsRaw took 230.4269ms
[debug]       Load.loadUnit: cleanEvalClasses took 0.8009ms
[debug]     Load.loadUnit(file:/C:/Users/Daniil/.sbt/1.0/plugins/, ...) took 545.5107ms
[debug]   Load.apply: load took 826.4961ms
[debug]   Load.apply: resolveProjects took 8.11ms
[debug]   Load.apply: finalTransforms took 93.7714ms
[debug]   Load.apply: config.delegates took 17.3512ms
[debug]   Load.apply: Def.make(settings)... took 749.0646ms
[debug]   Load.apply: structureIndex took 149.5437ms
[debug]   Load.apply: mkStreams took 5.3283ms
[info] loading global plugins from C:\Users\Daniil\.sbt\1.0\plugins
[debug] Running task... Cancel: Signal, check cycles: false, forcegc: true
[debug] Load.defaultLoad until apply took 5319.4894ms
[debug]           Load.loadUnit: plugins took 31.6379ms
[debug]           Load.loadUnit: defsScala took 0.0035ms
[debug] [Loading] Scanning directory C:\Users\Daniil\IdeaProjects\fin-calc\project
[debug] [Loading] Found non-root projects 
[debug] [Loading] Done in C:\Users\Daniil\IdeaProjects\fin-calc\project, returning: ()
[debug] deducing auto plugins based on known facts Set(Atom(sbt.plugins.CorePlugin)) and clauses Clauses(Clause(Atom(sbt.plugins.JvmPlugin),Set(Atom(sbt.plugins.IvyPlugin)))
[debug] Clause(Atom(sbt.ScriptedPlugin),Set(Atom(sbt.plugins.JvmPlugin)))
[debug] Clause(Atom(sbt.plugins.SbtPlugin),Set(Atom(sbt.ScriptedPlugin)))
[debug] Clause(Atom(sbt.plugins.SemanticdbPlugin),Set(Atom(sbt.plugins.JvmPlugin)))
[debug] Clause(Atom(sbt.plugins.JUnitXmlReportPlugin),Set(Atom(sbt.plugins.JvmPlugin)))
[debug] Clause(Atom(sbt.plugins.MiniDependencyTreePlugin),Set(Atom(sbt.plugins.JvmPlugin)))
[debug] Clause(Atom(sbt.plugins.CorePlugin),Set(Atom(sbt.plugins.IvyPlugin)))
[debug] Clause(Atom(sbt.plugins.IvyPlugin),Set(Atom(sbt.plugins.JvmPlugin)))
[debug] Clause(Atom(sbt.plugins.JvmPlugin),Set(Atom(sbt.plugins.SemanticdbPlugin)))
[debug] Clause(Atom(sbt.plugins.JvmPlugin),Set(Atom(sbt.plugins.JUnitXmlReportPlugin)))
[debug] Clause(Atom(sbt.plugins.CorePlugin),Set(Atom(sbt.plugins.Giter8TemplatePlugin)))
[debug] Clause(Atom(sbt.plugins.JvmPlugin),Set(Atom(sbt.plugins.MiniDependencyTreePlugin))))
[debug]   :: deduced result: Matched(sbt.plugins.CorePlugin,sbt.plugins.Giter8TemplatePlugin,sbt.plugins.IvyPlugin,sbt.plugins.JvmPlugin,sbt.plugins.MiniDependencyTreePlugin,sbt.plugins.JUnitXmlReportPlugin,sbt.plugins.SemanticdbPlugin)
[debug] Plugins.deducer#function took 1.8564 ms
[debug]               Load.resolveProject(fin-calc-build) took 1.0791ms
[debug]             Load.loadTransitive: finalizeProject(Project(id fin-calc-build, base: C:\Users\Daniil\IdeaProjects\fin-calc\project, plugins: List(<none>))) took 3.3774ms
[debug] [Loading] Done in C:\Users\Daniil\IdeaProjects\fin-calc\project, returning: (fin-calc-build)
[debug]           Load.loadUnit: loadedProjectsRaw took 5.5215ms
[debug]           Load.loadUnit: cleanEvalClasses took 0.0108ms
[debug]         Load.loadUnit(file:/C:/Users/Daniil/IdeaProjects/fin-calc/project/, ...) took 37.9615ms
[debug]       Load.apply: load took 39.6215ms
[debug]       Load.apply: resolveProjects took 0.2031ms
[debug]       Load.apply: finalTransforms took 11.8965ms
[debug]       Load.apply: config.delegates took 0.3947ms
[debug]       Load.apply: Def.make(settings)... took 99.2677ms
[debug]       Load.apply: structureIndex took 33.6763ms
[debug]       Load.apply: mkStreams took 0.0026ms
[info] loading project definition from C:\Users\Daniil\IdeaProjects\fin-calc\project
[debug] Running task... Cancel: Signal, check cycles: false, forcegc: true
[debug]     Load.loadUnit: plugins took 510.5955ms
[debug]     Load.loadUnit: defsScala took 0.0034ms
[debug] [Loading] Scanning directory C:\Users\Daniil\IdeaProjects\fin-calc
[debug]       Load.loadUnit: mkEval took 6.4002ms
[debug] [Loading] Found non-root projects 
[debug] [Loading] Done in C:\Users\Daniil\IdeaProjects\fin-calc, returning: ()
[debug] deducing auto plugins based on known facts Set(Atom(sbt.plugins.CorePlugin)) and clauses Clauses(Clause(Atom(sbt.plugins.JvmPlugin),Set(Atom(sbt.plugins.IvyPlugin)))
[debug] Clause(Atom(sbt.ScriptedPlugin),Set(Atom(sbt.plugins.JvmPlugin)))
[debug] Clause(Atom(sbt.plugins.SbtPlugin),Set(Atom(sbt.ScriptedPlugin)))
[debug] Clause(Atom(sbt.plugins.SemanticdbPlugin),Set(Atom(sbt.plugins.JvmPlugin)))
[debug] Clause(Atom(sbt.plugins.JUnitXmlReportPlugin),Set(Atom(sbt.plugins.JvmPlugin)))
[debug] Clause(Atom(sbt.plugins.MiniDependencyTreePlugin),Set(Atom(sbt.plugins.JvmPlugin)))
[debug] Clause(Atom(sbt.plugins.CorePlugin),Set(Atom(sbt.plugins.IvyPlugin)))
[debug] Clause(Atom(sbt.plugins.IvyPlugin),Set(Atom(sbt.plugins.JvmPlugin)))
[debug] Clause(Atom(sbt.plugins.JvmPlugin),Set(Atom(sbt.plugins.SemanticdbPlugin)))
[debug] Clause(Atom(sbt.plugins.JvmPlugin),Set(Atom(sbt.plugins.JUnitXmlReportPlugin)))
[debug] Clause(Atom(sbt.plugins.CorePlugin),Set(Atom(sbt.plugins.Giter8TemplatePlugin)))
[debug] Clause(Atom(sbt.plugins.JvmPlugin),Set(Atom(sbt.plugins.MiniDependencyTreePlugin))))
[debug]   :: deduced result: Matched(sbt.plugins.CorePlugin,sbt.plugins.Giter8TemplatePlugin,sbt.plugins.IvyPlugin,sbt.plugins.JvmPlugin,sbt.plugins.MiniDependencyTreePlugin,sbt.plugins.JUnitXmlReportPlugin,sbt.plugins.SemanticdbPlugin)
[debug] Plugins.deducer#function took 1.5748 ms
[info] loading settings for project fin-calc from build.sbt ...
[debug]         Load.resolveProject(fin-calc) took 4.1386ms
[debug]       Load.loadTransitive: finalizeProject(Project(id fin-calc, base: C:\Users\Daniil\IdeaProjects\fin-calc, plugins: List(<none>))) took 6.2358ms
[debug] [Loading] Done in C:\Users\Daniil\IdeaProjects\fin-calc, returning: (fin-calc)
[debug]     Load.loadUnit: loadedProjectsRaw took 232.7185ms
[debug]     Load.loadUnit: cleanEvalClasses took 21.0206ms
[debug]   Load.loadUnit(file:/C:/Users/Daniil/IdeaProjects/fin-calc/, ...) took 765.3875ms
[debug] Load.apply: load took 767.4813ms
[debug] Load.apply: resolveProjects took 0.1638ms
[debug] Load.apply: finalTransforms took 10.8384ms
[debug] Load.apply: config.delegates took 0.3766ms
[debug] Load.apply: Def.make(settings)... took 170.6473ms
[debug] Load.apply: structureIndex took 36.0854ms
[debug] Load.apply: mkStreams took 0.0023ms
[info] set current project to fin-calc (in build file:/C:/Users/Daniil/IdeaProjects/fin-calc/)
[debug] > Exec(sbtPopOnFailure, None, None)
[debug] > Exec(resumeFromFailure, None, None)
[debug] > Exec(notifyUsersAboutShell, None, None)
[debug] > Exec(iflast shell, None, None)
[debug] > Exec(shell, None, None)
[info] sbt server started at local:sbt-server-71937761b5df308e4625
[debug] Writing bsp connection file
[info] started sbt server
